<?xml version='1.0' encoding='UTF-8'?>
<testsuite hostname="MacBook-Pro-Ernie.local" name="DatabaseConnectionTest" tests="1" errors="0" failures="1" skipped="0" time="6.944" timestamp="2024-09-04T12:18:31">
          <properties>
[...]
</properties>
          <testcase classname="DatabaseConnectionTest" name="Test połączenia z bazą danych MySQL i wczytywania danych" time="6.944">
                      <failure message="org.scalatest.exceptions.TestFailedException: Nie udało się połączyć z bazą danych lub wczytać danych: Array(&quot;id&quot;, &quot;comments&quot;, &quot;google_vid_id&quot;, &quot;likes&quot;, &quot;scanned_date&quot;, &quot;title&quot;, &quot;views&quot;, &quot;chan_id&quot;) did not contain &quot;columnName&quot; Kolumna columnName nie została znaleziona." type="sbt.ForkMain$ForkError">sbt.ForkMain$ForkError: org.scalatest.exceptions.TestFailedException: Nie udało się połączyć z bazą danych lub wczytać danych: Array(&quot;id&quot;, &quot;comments&quot;, &quot;google_vid_id&quot;, &quot;likes&quot;, &quot;scanned_date&quot;, &quot;title&quot;, &quot;views&quot;, &quot;chan_id&quot;) did not contain &quot;columnName&quot; Kolumna columnName nie została znaleziona.
	at org.scalatest.Assertions.newAssertionFailedException(Assertions.scala:472)
	at org.scalatest.Assertions.newAssertionFailedException$(Assertions.scala:471)
	at org.scalatest.funsuite.AnyFunSuite.newAssertionFailedException(AnyFunSuite.scala:1564)
	at org.scalatest.Assertions.fail(Assertions.scala:933)
	at org.scalatest.Assertions.fail$(Assertions.scala:929)
	at org.scalatest.funsuite.AnyFunSuite.fail(AnyFunSuite.scala:1564)
	at DatabaseConnectionTest.$anonfun$new$2(DatabaseConnectionTest.scala:44)
	at DatabaseConnectionTest.withSparkSession(DatabaseConnectionTest.scala:14)
	at DatabaseConnectionTest.$anonfun$new$1(DatabaseConnectionTest.scala:21)
	at scala.runtime.java8.JFunction0$mcV$sp.apply(JFunction0$mcV$sp.scala:18)
	at org.scalatest.OutcomeOf.outcomeOf(OutcomeOf.scala:85)
	at org.scalatest.OutcomeOf.outcomeOf$(OutcomeOf.scala:83)
	at org.scalatest.OutcomeOf$.outcomeOf(OutcomeOf.scala:104)
	at org.scalatest.Transformer.apply(Transformer.scala:22)
	at org.scalatest.Transformer.apply(Transformer.scala:20)
	at org.scalatest.funsuite.AnyFunSuiteLike$$anon$1.apply(AnyFunSuiteLike.scala:226)
	at org.scalatest.TestSuite.withFixture(TestSuite.scala:196)
	at org.scalatest.TestSuite.withFixture$(TestSuite.scala:195)
	at org.scalatest.funsuite.AnyFunSuite.withFixture(AnyFunSuite.scala:1564)
	at org.scalatest.funsuite.AnyFunSuiteLike.invokeWithFixture$1(AnyFunSuiteLike.scala:224)
	at org.scalatest.funsuite.AnyFunSuiteLike.$anonfun$runTest$1(AnyFunSuiteLike.scala:236)
	at org.scalatest.SuperEngine.runTestImpl(Engine.scala:306)
	at org.scalatest.funsuite.AnyFunSuiteLike.runTest(AnyFunSuiteLike.scala:236)
	at org.scalatest.funsuite.AnyFunSuiteLike.runTest$(AnyFunSuiteLike.scala:218)
	at org.scalatest.funsuite.AnyFunSuite.runTest(AnyFunSuite.scala:1564)
	at org.scalatest.funsuite.AnyFunSuiteLike.$anonfun$runTests$1(AnyFunSuiteLike.scala:269)
	at org.scalatest.SuperEngine.$anonfun$runTestsInBranch$1(Engine.scala:413)
	at scala.collection.immutable.List.foreach(List.scala:334)
	at org.scalatest.SuperEngine.traverseSubNodes$1(Engine.scala:401)
	at org.scalatest.SuperEngine.runTestsInBranch(Engine.scala:396)
	at org.scalatest.SuperEngine.runTestsImpl(Engine.scala:475)
	at org.scalatest.funsuite.AnyFunSuiteLike.runTests(AnyFunSuiteLike.scala:269)
	at org.scalatest.funsuite.AnyFunSuiteLike.runTests$(AnyFunSuiteLike.scala:268)
	at org.scalatest.funsuite.AnyFunSuite.runTests(AnyFunSuite.scala:1564)
	at org.scalatest.Suite.run(Suite.scala:1114)
	at org.scalatest.Suite.run$(Suite.scala:1096)
	at org.scalatest.funsuite.AnyFunSuite.org$scalatest$funsuite$AnyFunSuiteLike$$super$run(AnyFunSuite.scala:1564)
	at org.scalatest.funsuite.AnyFunSuiteLike.$anonfun$run$1(AnyFunSuiteLike.scala:273)
	at org.scalatest.SuperEngine.runImpl(Engine.scala:535)
	at org.scalatest.funsuite.AnyFunSuiteLike.run(AnyFunSuiteLike.scala:273)
	at org.scalatest.funsuite.AnyFunSuiteLike.run$(AnyFunSuiteLike.scala:272)
	at org.scalatest.funsuite.AnyFunSuite.run(AnyFunSuite.scala:1564)
	at org.scalatest.tools.Framework.org$scalatest$tools$Framework$$runSuite(Framework.scala:321)
	at org.scalatest.tools.Framework$ScalaTestTask.execute(Framework.scala:517)
	at sbt.ForkMain$Run.lambda$runTest$1(ForkMain.java:414)
	at java.base/java.util.concurrent.FutureTask.run(FutureTask.java:264)
	at java.base/java.util.concurrent.ThreadPoolExecutor.runWorker(ThreadPoolExecutor.java:1136)
	at java.base/java.util.concurrent.ThreadPoolExecutor$Worker.run(ThreadPoolExecutor.java:635)
	at java.base/java.lang.Thread.run(Thread.java:833)
</failure>
                    </testcase>
          <system-out><![CDATA[]]></system-out>
          <system-err><![CDATA[]]></system-err>
        </testsuite>