[0m[[0m[0mdebug[0m] [0m[0m> Exec({file:/Users/mac/Desktop/ADI/JavaLaby/Spark-Scala-YT-app/}root/ testOnly DatabaseConnectionTest, None, None)[0m
[0m[[0m[0mdebug[0m] [0m[0mEvaluating tasks: Test / testOnly[0m
[0m[[0m[0mdebug[0m] [0m[0mRunning task... Cancel: Signal, check cycles: false, forcegc: true[0m
[0m[[0m[0minfo[0m] [0m[0mcompiling 2 Scala sources to /Users/mac/Desktop/ADI/JavaLaby/Spark-Scala-YT-app/target/scala-2.13/classes ...[0m
[0m[[0m[0minfo[0m] [0m[0mdone compiling[0m
[0m[[0m[0minfo[0m] [0m[0mcompiling 1 Scala source to /Users/mac/Desktop/ADI/JavaLaby/Spark-Scala-YT-app/target/scala-2.13/test-classes ...[0m
[0m[[0m[0minfo[0m] [0m[0mdone compiling[0m
[0m[[0m[0minfo[0m] [0m[0m[32mDatabaseConnectionTest:[0m[0m
[0m[[0m[0minfo[0m] [0m[0m[31m- Test poÅ‚Ä…czenia z bazÄ… danych MySQL i wczytywania danych *** FAILED ***[0m[0m
[0m[[0m[0minfo[0m] [0m[0m[31m  Nie udaÅ‚o siÄ™ poÅ‚Ä…czyÄ‡ z bazÄ… danych lub wczytaÄ‡ danych: Array("id", "comments", "google_vid_id", "likes", "scanned_date", "title", "views", "chan_id") did not contain "columnName" Kolumna columnName nie zostaÅ‚a znaleziona. (DatabaseConnectionTest.scala:44)[0m[0m
[0m[[0m[0minfo[0m] [0m[0m[36mRun completed in 8 seconds, 10 milliseconds.[0m[0m
[0m[[0m[0minfo[0m] [0m[0m[36mTotal number of tests run: 1[0m[0m
[0m[[0m[0minfo[0m] [0m[0m[36mSuites: completed 1, aborted 0[0m[0m
[0m[[0m[0minfo[0m] [0m[0m[36mTests: succeeded 0, failed 1, canceled 0, ignored 0, pending 0[0m[0m
[0m[[0m[0minfo[0m] [0m[0m[31m*** 1 TEST FAILED ***[0m[0m
[0m[[0m[31merror[0m] [0m[0mFailed tests:[0m
[0m[[0m[31merror[0m] [0m[0m	DatabaseConnectionTest[0m
[0m[[0m[31merror[0m] [0m[0m(Test / [31mtestOnly[0m) sbt.TestsFailedException: Tests unsuccessful[0m
[0m[[0m[31merror[0m] [0m[0mTotal time: 15 s, completed 4 wrz 2024, 12:18:31[0m
[0m[[0m[0mdebug[0m] [0m[0m> Exec(idea-shell, None, None)[0m
